"../../../MyProject2/Content/Doll/Materials/Doll_mariTextured.uasset" 0
"../../../MyProject2/Content/Doll/Materials/doll_lam.uasset" 1
"../../../MyProject2/Content/Doll/doll-clenched_PhysicsAsset.uasset" 2
"../../../MyProject2/Content/Doll/doll-clenched_Skeleton.uasset" 3
"../../../MyProject2/Content/Doll/doll-clenched.uasset" 4
"../../../MyProject2/Content/Doll/Materials/Scissors_MariTextured.uasset" 5
"../../../MyProject2/Content/Doll/Materials/scissors_spec.uasset" 6
"../../../MyProject2/Content/Doll/Materials/scissors_blinn.uasset" 7
"../../../MyProject2/Content/Doll/Textures/Doll_mariTextured.uasset" 8
"../../../MyProject2/Content/Doll/Textures/doll_lam.uasset" 9
"../../../MyProject2/Content/Doll/doll-weapon_PhysicsAsset.uasset" 10
"../../../MyProject2/Content/Doll/doll-weapon_Skeleton.uasset" 11
"../../../MyProject2/Content/Doll/doll-weapon.uasset" 12
"../../../MyProject2/Content/ImageWidgets/game_over.uasset" 13
"../../../MyProject2/Content/ImageWidgets/ImageWidget.uasset" 14
"../../../MyProject2/Content/Sounds/dollsinging.uasset" 15
"../../../MyProject2/Content/Sounds/doll_sing.uasset" 16
"../../../MyProject2/Content/Sounds/screaming.uasset" 17
"../../../MyProject2/Content/Doll_AI.uasset" 18
"../../../MyProject2/Content/Mouse_controller.uasset" 19
"../../../MyProject2/Content/mouseGameMode.uasset" 20
"../../../Engine/Content/BasicShapes/BasicShapeMaterial.uasset" 21
"../../../Engine/Content/Functions/Engine_MaterialFunctions01/Opacity/CameraDepthFade.uasset" 22
"../../../Engine/Content/EngineMaterials/T_Default_Material_Grid_M.uasset" 23
"../../../Engine/Content/EngineMaterials/T_Default_Material_Grid_N.uasset" 24
"../../../Engine/Content/EngineMaterials/WorldGridMaterial.uasset" 25
"../../../Engine/Content/MapTemplates/Materials/BasicAsset01.uasset" 26
"../../../MyProject2/Content/Playroom/Textures/T1_texture.uasset" 27
"../../../MyProject2/Content/Playroom/Textures/teddy2.uasset" 28
"../../../MyProject2/Content/StarterContent/Materials/M_Basic_Floor.uasset" 29
"../../../Engine/Content/BasicShapes/Cube.uasset" 30
"../../../Engine/Content/EngineMaterials/DefaultMaterial.uasset" 31
"../../../Engine/Content/BasicShapes/Sphere.uasset" 32
"../../../Engine/Content/MapTemplates/SM_Template_Map_Floor.uasset" 33
"../../../MyProject2/Content/ImageWidgets/diary1.uasset" 34
"../../../MyProject2/Content/ImageWidgets/DiaryWidget.uasset" 35
"../../../MyProject2/Content/ImageWidgets/humptychoice.uasset" 36
"../../../MyProject2/Content/ImageWidgets/Instructions.uasset" 37
"../../../MyProject2/Content/ImageWidgets/upped_saturation.uasset" 38
"../../../MyProject2/Content/ImageWidgets/Main_menu.uasset" 39
"../../../MyProject2/Content/ImageWidgets/Unpause.uasset" 40
"../../../MyProject2/Content/ImageWidgets/winner.uasset" 41
"../../../MyProject2/Content/Keys/Textures/keys_mari.uasset" 42
"../../../MyProject2/Content/Keys/Textures/keys_lam.uasset" 43
"../../../MyProject2/Content/Keys/bathroomkey.uasset" 44
"../../../MyProject2/Content/Keys/keys_mari.uasset" 45
"../../../MyProject2/Content/Keys/keys_lam.uasset" 46
"../../../MyProject2/Content/Keys/exit_key.uasset" 47
"../../../MyProject2/Content/Keys/Materials/keys_mari.uasset" 48
"../../../MyProject2/Content/Keys/Materials/keys_lam.uasset" 49
"../../../MyProject2/Content/Keys/kitchen_key.uasset" 50
"../../../MyProject2/Content/Keys/TextureDupl/keys_mari.uasset" 51
"../../../MyProject2/Content/Keys/TextureDupl/keys_lam.uasset" 52
"../../../MyProject2/Content/Keys/playroom_key.uasset" 53
"../../../MyProject2/Content/Kitchen/Textures/BigShelf_bump.uasset" 54
"../../../MyProject2/Content/Kitchen/Textures/BigShelf_mari.uasset" 55
"../../../MyProject2/Content/Kitchen/Textures/shelves_lam.uasset" 56
"../../../MyProject2/Content/Kitchen/bigshelving.uasset" 57
"../../../MyProject2/Content/Kitchen/TextureDupl/bowl_mari.uasset" 58
"../../../MyProject2/Content/Kitchen/TextureDupl/bowl_blinn.uasset" 59
"../../../MyProject2/Content/Kitchen/bowl.uasset" 60
"../../../MyProject2/Content/Kitchen/Textures/block_bump.uasset" 61
"../../../MyProject2/Content/Kitchen/Textures/block_mari.uasset" 62
"../../../MyProject2/Content/Kitchen/Textures/block_lam.uasset" 63
"../../../MyProject2/Content/Kitchen/Textures/counterTop_bump.uasset" 64
"../../../MyProject2/Content/Kitchen/Textures/counterTop_mari.uasset" 65
"../../../MyProject2/Content/Kitchen/Textures/counterTop_lam.uasset" 66
"../../../MyProject2/Content/Kitchen/counter1.uasset" 67
"../../../MyProject2/Content/Kitchen/Textures/countertop1.uasset" 68
"../../../MyProject2/Content/Kitchen/Textures/sinkDrawers_bump.uasset" 69
"../../../MyProject2/Content/Kitchen/Textures/sinkDrawers_mari.uasset" 70
"../../../MyProject2/Content/Kitchen/Textures/sinkDrawers_lam.uasset" 71
"../../../MyProject2/Content/Kitchen/counter2.uasset" 72
"../../../MyProject2/Content/Kitchen/TextureDupl/cup_mari.uasset" 73
"../../../MyProject2/Content/Kitchen/TextureDupl/cup_blinn.uasset" 74
"../../../MyProject2/Content/Kitchen/cup.uasset" 75
"../../../MyProject2/Content/Kitchen/Textures/fridge_mari.uasset" 76
"../../../MyProject2/Content/Kitchen/Textures/fridge_spec.uasset" 77
"../../../MyProject2/Content/Kitchen/Textures/Fridge_blinn.uasset" 78
"../../../MyProject2/Content/Kitchen/fridge.uasset" 79
"../../../MyProject2/Content/Kitchen/TextureDupl/oven_mari.uasset" 80
"../../../MyProject2/Content/Kitchen/TextureDupl/oven_spec.uasset" 81
"../../../MyProject2/Content/Kitchen/TextureDupl/oven_blinn.uasset" 82
"../../../MyProject2/Content/Kitchen/hob.uasset" 83
"../../../MyProject2/Content/Kitchen/Textures/window_bump.uasset" 84
"../../../MyProject2/Content/Kitchen/Textures/window_mari.uasset" 85
"../../../MyProject2/Content/Kitchen/Textures/window_lam.uasset" 86
"../../../MyProject2/Content/Kitchen/kitchenWindow.uasset" 87
"../../../MyProject2/Content/Kitchen/materials/pans_mari.uasset" 88
"../../../MyProject2/Content/Kitchen/Textures/oven_mari.uasset" 89
"../../../MyProject2/Content/Kitchen/Textures/oven_spec.uasset" 90
"../../../MyProject2/Content/Kitchen/Textures/oven_blinn.uasset" 91
"../../../MyProject2/Content/Kitchen/Textures/pans_mari.uasset" 92
"../../../MyProject2/Content/Kitchen/Textures/pans_lam.uasset" 93
"../../../MyProject2/Content/Kitchen/oven.uasset" 94
"../../../MyProject2/Content/Kitchen/TextureDupl/pans_mari.uasset" 95
"../../../MyProject2/Content/Kitchen/TextureDupl/pans_lam.uasset" 96
"../../../MyProject2/Content/Kitchen/pan.uasset" 97
"../../../MyProject2/Content/Kitchen/materials/pans_lam.uasset" 98
"../../../MyProject2/Content/Kitchen/pan2.uasset" 99
"../../../MyProject2/Content/Kitchen/TextureDupl/plate_mari.uasset" 100
"../../../MyProject2/Content/Kitchen/TextureDupl/plate2.uasset" 101
"../../../MyProject2/Content/Kitchen/plate.uasset" 102
"../../../MyProject2/Content/Kitchen/TextureDupl/BigShelf_bump.uasset" 103
"../../../MyProject2/Content/Kitchen/TextureDupl/BigShelf_mari.uasset" 104
"../../../MyProject2/Content/Kitchen/TextureDupl/shelves_lam.uasset" 105
"../../../MyProject2/Content/Kitchen/Textures/bowl_mari.uasset" 106
"../../../MyProject2/Content/Kitchen/Textures/bowl_blinn.uasset" 107
"../../../MyProject2/Content/Kitchen/Textures/cup_mari.uasset" 108
"../../../MyProject2/Content/Kitchen/Textures/cup_blinn.uasset" 109
"../../../MyProject2/Content/Kitchen/Textures/cupboardWdrawers_bump.uasset" 110
"../../../MyProject2/Content/Kitchen/Textures/cupboardWdrawers_mari.uasset" 111
"../../../MyProject2/Content/Kitchen/Textures/cupboardWdraw_lam.uasset" 112
"../../../MyProject2/Content/Kitchen/Textures/knives_mari.uasset" 113
"../../../MyProject2/Content/Kitchen/Textures/knives_lam.uasset" 114
"../../../MyProject2/Content/Kitchen/Textures/plate_mari.uasset" 115
"../../../MyProject2/Content/Kitchen/Textures/plate.uasset" 116
"../../../MyProject2/Content/Kitchen/shelvingcupboards.uasset" 117
"../../../MyProject2/Content/Kitchen/TextureDupl/counterTop_lam.uasset" 118
"../../../MyProject2/Content/Kitchen/Textures/sink_mari.uasset" 119
"../../../MyProject2/Content/Kitchen/Textures/sink_spec.uasset" 120
"../../../MyProject2/Content/Kitchen/Textures/sink_tap_blinn.uasset" 121
"../../../MyProject2/Content/Kitchen/Textures/underSinkCuboards_bump.uasset" 122
"../../../MyProject2/Content/Kitchen/Textures/underSinkCuboards_mari.uasset" 123
"../../../MyProject2/Content/Kitchen/Textures/underSinkCupboard.uasset" 124
"../../../MyProject2/Content/Kitchen/sink.uasset" 125
"../../../MyProject2/Content/Player/material/lambert1.uasset" 126
"../../../MyProject2/Content/Player/material/PantsNormals.uasset" 127
"../../../MyProject2/Content/Player/material/Player_MariTextured.uasset" 128
"../../../MyProject2/Content/Player/material/pants_lam.uasset" 129
"../../../MyProject2/Content/Player/material/player_lam.uasset" 130
"../../../MyProject2/Content/Player/playerhead_PhysicsAsset.uasset" 131
"../../../MyProject2/Content/Player/playerhead_Skeleton.uasset" 132
"../../../MyProject2/Content/Player/playerhead.uasset" 133
"../../../MyProject2/Content/Playroom/Textures/Ball_MariTexture.uasset" 134
"../../../MyProject2/Content/Playroom/Textures/BALL2.uasset" 135
"../../../MyProject2/Content/Playroom/ball.uasset" 136
"../../../MyProject2/Content/Playroom/Textures/Blind_mari.uasset" 137
"../../../MyProject2/Content/Playroom/Textures/Blinds.uasset" 138
"../../../MyProject2/Content/Playroom/Textures/window_mari.uasset" 139
"../../../MyProject2/Content/Playroom/Textures/window_blinn.uasset" 140
"../../../MyProject2/Content/Playroom/blind.uasset" 141
"../../../MyProject2/Content/Playroom/Textures/BlockA_MariTexture.uasset" 142
"../../../MyProject2/Content/Playroom/Textures/BlockA_lam.uasset" 143
"../../../MyProject2/Content/Playroom/blockA.uasset" 144
"../../../MyProject2/Content/Playroom/Textures/BlockB_MariTexturing.uasset" 145
"../../../MyProject2/Content/Playroom/Textures/BlockB_lam.uasset" 146
"../../../MyProject2/Content/Playroom/blockB.uasset" 147
"../../../MyProject2/Content/Playroom/Textures/BlockC_MariTexturing.uasset" 148
"../../../MyProject2/Content/Playroom/Textures/BlockC_lam.uasset" 149
"../../../MyProject2/Content/Playroom/BlockC.uasset" 150
"../../../MyProject2/Content/Playroom/materials/doorknob_mari.uasset" 151
"../../../MyProject2/Content/Playroom/materials/doorKnob_lam.uasset" 152
"../../../MyProject2/Content/Playroom/DoorKnob.uasset" 153
"../../../MyProject2/Content/Playroom/Textures/door_bump.uasset" 154
"../../../MyProject2/Content/Playroom/Textures/door_MariTexture.uasset" 155
"../../../MyProject2/Content/Playroom/Textures/door_lam.uasset" 156
"../../../MyProject2/Content/Playroom/Textures/doorknob_mari.uasset" 157
"../../../MyProject2/Content/Playroom/Textures/doorKnob_lam.uasset" 158
"../../../MyProject2/Content/Playroom/DoorWithKnob.uasset" 159
"../../../MyProject2/Content/Playroom/Textures/fireplace_mari.uasset" 160
"../../../MyProject2/Content/Materials/fireplace_lam.uasset" 161
"../../../MyProject2/Content/Playroom/fireplace.uasset" 162
"../../../MyProject2/Content/Playroom/Textures/humpty_MariTexture.uasset" 163
"../../../MyProject2/Content/Playroom/Textures/humpty_lam.uasset" 164
"../../../MyProject2/Content/Playroom/humpty.uasset" 165
"../../../MyProject2/Content/Playroom/Textures/horse_mari.uasset" 166
"../../../MyProject2/Content/Playroom/Textures/horse_lam1.uasset" 167
"../../../MyProject2/Content/Playroom/rockinghorse.uasset" 168
"../../../MyProject2/Content/Playroom/Textures/rope.uasset" 169
"../../../MyProject2/Content/Playroom/Textures/rope_lam.uasset" 170
"../../../MyProject2/Content/Playroom/teddy1.uasset" 171
"../../../MyProject2/Content/Playroom/Textures/soilder_mari.uasset" 172
"../../../MyProject2/Content/Playroom/Textures/soilder_lam.uasset" 173
"../../../MyProject2/Content/Playroom/toysoldier.uasset" 174
"../../../MyProject2/Content/Sounds/backtrack.uasset" 175
"../../../MyProject2/Content/Sounds/Evening_of_Chaos.uasset" 176
"../../../MyProject2/Content/Sounds/Ambient.uasset" 177
"../../../MyProject2/Content/Sounds/Creaking_Door_Spooky-SoundBible_com-1909842345.uasset" 178
"../../../MyProject2/Content/Sounds/Creakingfloor.uasset" 179
"../../../MyProject2/Content/Sounds/Spooky_Water_Drops-SoundBible_com-50164895.uasset" 180
"../../../MyProject2/Content/Sounds/Kitchen.uasset" 181
"../../../MyProject2/Content/Sounds/thunder_strike_1-Mike_Koenig-739781745.uasset" 182
"../../../MyProject2/Content/Sounds/playroomWindow.uasset" 183
"../../../MyProject2/Content/Test_level.umap" 184
"../../../Engine/Content/EditorBlueprintResources/StandardMacros.uasset" 185
"../../../Engine/Content/EngineSky/C_Sky_Cloud_Color.uasset" 186
"../../../Engine/Content/EngineSky/C_Sky_Horizon_Color.uasset" 187
"../../../Engine/Content/EngineSky/C_Sky_Zenith_Color.uasset" 188
"../../../Engine/Content/EngineSky/T_Sky_Blue.uasset" 189
"../../../Engine/Content/EngineSky/T_Sky_Clouds_M.uasset" 190
"../../../Engine/Content/EngineSky/T_Sky_Stars.uasset" 191
"../../../Engine/Content/EngineSky/SM_SkySphere.uasset" 192
"../../../Engine/Content/EngineSky/M_Sky_Panning_Clouds2.uasset" 193
"../../../Engine/Content/EngineSky/BP_Sky_Sphere.uasset" 194
"../../../MyProject2/Content/StarterContent/Textures/T_MacroVariation.uasset" 195
"../../../MyProject2/Content/StarterContent/Materials/M_Metal_Brushed_Nickel.uasset" 196
"../../../MyProject2/Content/StarterContent/Textures/T_Metal_Aluminum_D.uasset" 197
"../../../MyProject2/Content/StarterContent/Textures/T_Metal_Gold_N.uasset" 198
"../../../MyProject2/Content/StarterContent/Materials/M_Metal_Burnished_Steel.uasset" 199
"../../../MyProject2/Content/StarterContent/Textures/T_Metal_Copper_D.uasset" 200
"../../../MyProject2/Content/StarterContent/Materials/M_Metal_Copper.uasset" 201
"../../../MyProject2/Content/StarterContent/Textures/T_Chair_M.uasset" 202
"../../../MyProject2/Content/StarterContent/Textures/T_Chair_N.uasset" 203
"../../../MyProject2/Content/StarterContent/Props/Materials/M_Chair.uasset" 204
"../../../MyProject2/Content/StarterContent/Textures/T_Statue_M.uasset" 205
"../../../MyProject2/Content/StarterContent/Textures/T_Statue_N.uasset" 206
"../../../MyProject2/Content/StarterContent/Props/Materials/M_StatueGlass.uasset" 207
"../../../MyProject2/Content/StarterContent/Architecture/Floor_400x400.uasset" 208
"../../../MyProject2/Content/StarterContent/Audio/Starter_Birds01.uasset" 209
"../../../MyProject2/Content/StarterContent/Audio/Starter_Wind05.uasset" 210
"../../../MyProject2/Content/StarterContent/Audio/Starter_Wind06.uasset" 211
"../../../MyProject2/Content/StarterContent/Audio/Starter_Background_Cue.uasset" 212
"../../../MyProject2/Content/StarterContent/Props/SM_Chair.uasset" 213
"../../../MyProject2/Content/StarterContent/Props/Materials/M_Statue.uasset" 214
"../../../MyProject2/Content/StarterContent/Props/SM_Statue.uasset" 215
"../../../MyProject2/Content/StarterContent/Textures/T_TableRound_M.uasset" 216
"../../../MyProject2/Content/StarterContent/Textures/T_TableRound_N.uasset" 217
"../../../MyProject2/Content/StarterContent/Props/Materials/M_TableRound.uasset" 218
"../../../MyProject2/Content/StarterContent/Props/SM_TableRound.uasset" 219
"../../../MyProject2/Content/StarterContent/Maps/Minimal_Default.umap" 220
"../../../MyProject2/Content/StarterContent/Audio/Fire01.uasset" 221
"../../../MyProject2/Content/StarterContent/Audio/Fire01_Cue.uasset" 222
"../../../MyProject2/Content/StarterContent/Textures/T_Fire_SubUV.uasset" 223
"../../../MyProject2/Content/StarterContent/Textures/T_Fire_Tiled_D.uasset" 224
"../../../MyProject2/Content/StarterContent/Particles/Materials/M_Fire_SubUV.uasset" 225
"../../../MyProject2/Content/StarterContent/Textures/T_Water_N.uasset" 226
"../../../MyProject2/Content/StarterContent/Particles/Materials/M_Heat_Distortion.uasset" 227
"../../../Engine/Content/Functions/Engine_MaterialFunctions01/Gradient/RadialGradient.uasset" 228
"../../../MyProject2/Content/StarterContent/Particles/Materials/M_Radial_Gradient.uasset" 229
"../../../MyProject2/Content/StarterContent/Textures/T_Smoke_SubUV.uasset" 230
"../../../MyProject2/Content/StarterContent/Textures/T_Smoke_Tiled_D.uasset" 231
"../../../MyProject2/Content/StarterContent/Particles/Materials/M_smoke_subUV.uasset" 232
"../../../MyProject2/Content/StarterContent/Particles/P_Fire.uasset" 233
"../../../MyProject2/Content/StarterContent/Blueprints/Blueprint_Effect_Fire.uasset" 234
"../../../MyProject2/Content/StarterContent/Audio/Smoke01.uasset" 235
"../../../MyProject2/Content/StarterContent/Audio/Smoke01_Cue.uasset" 236
"../../../MyProject2/Content/StarterContent/Particles/P_Smoke.uasset" 237
"../../../MyProject2/Content/StarterContent/Blueprints/Blueprint_Effect_Smoke.uasset" 238
"../../../MyProject2/Content/StarterContent/Audio/Fire_Sparks01.uasset" 239
"../../../MyProject2/Content/StarterContent/Audio/Fire_Sparks01_Cue.uasset" 240
"../../../MyProject2/Content/StarterContent/Textures/T_Spark_Core.uasset" 241
"../../../MyProject2/Content/StarterContent/Particles/Materials/M_Spark.uasset" 242
"../../../MyProject2/Content/StarterContent/Particles/P_Sparks.uasset" 243
"../../../MyProject2/Content/StarterContent/Blueprints/Blueprint_Effect_Sparks.uasset" 244
"../../../MyProject2/Content/StarterContent/Audio/Steam01.uasset" 245
"../../../MyProject2/Content/StarterContent/Audio/Steam01_Cue.uasset" 246
"../../../MyProject2/Content/StarterContent/Particles/P_Steam_Lit.uasset" 247
"../../../MyProject2/Content/StarterContent/Blueprints/Blueprint_Effect_Steam.uasset" 248
"../../../MyProject2/Content/StarterContent/Textures/T_Lamp_M.uasset" 249
"../../../MyProject2/Content/StarterContent/Textures/T_Lamp_N.uasset" 250
"../../../MyProject2/Content/StarterContent/Props/Materials/M_Lamp.uasset" 251
"../../../MyProject2/Content/StarterContent/Props/SM_Lamp_Ceiling.uasset" 252
"../../../MyProject2/Content/StarterContent/Blueprints/Blueprint_CeilingLight.uasset" 253
"../../../MyProject2/Content/StarterContent/Props/SM_Lamp_Wall.uasset" 254
"../../../MyProject2/Content/StarterContent/Blueprints/Blueprint_WallSconce.uasset" 255
"../../../Engine/Content/EngineFonts/RobotoDistanceField.uasset" 256
"../../../Engine/Content/Functions/Engine_MaterialFunctions03/Procedurals/ComputeFilterWidth.uasset" 257
"../../../Engine/Content/EngineMaterials/AntiAliasedTextMaterialTranslucent.uasset" 258
"../../../MyProject2/Content/StarterContent/Textures/T_Brick_Clay_Beveled_D.uasset" 259
"../../../MyProject2/Content/StarterContent/Textures/T_Brick_Clay_Beveled_M.uasset" 260
"../../../MyProject2/Content/StarterContent/Textures/T_Brick_Clay_Beveled_N.uasset" 261
"../../../MyProject2/Content/StarterContent/Materials/M_Brick_Clay_Beveled.uasset" 262
"../../../MyProject2/Content/StarterContent/Textures/T_Brick_Clay_New_D.uasset" 263
"../../../MyProject2/Content/StarterContent/Textures/T_Brick_Clay_New_M.uasset" 264
"../../../MyProject2/Content/StarterContent/Textures/T_Brick_Clay_New_N.uasset" 265
"../../../MyProject2/Content/StarterContent/Textures/T_Detail_Rocky_N.uasset" 266
"../../../MyProject2/Content/StarterContent/Materials/M_Brick_Clay_New.uasset" 267
"../../../MyProject2/Content/StarterContent/Textures/T_Brick_Clay_Old_D.uasset" 268
"../../../MyProject2/Content/StarterContent/Textures/T_Brick_Clay_Old_N.uasset" 269
"../../../MyProject2/Content/StarterContent/Textures/T_Perlin_Noise_M.uasset" 270
"../../../MyProject2/Content/StarterContent/Materials/M_Brick_Clay_Old.uasset" 271
"../../../MyProject2/Content/StarterContent/Textures/T_Brick_Cut_Stone_D.uasset" 272
"../../../MyProject2/Content/StarterContent/Textures/T_Brick_Cut_Stone_N.uasset" 273
"../../../MyProject2/Content/StarterContent/Materials/M_Brick_Cut_Stone.uasset" 274
"../../../MyProject2/Content/StarterContent/Textures/T_Brick_Hewn_Stone_D.uasset" 275
"../../../MyProject2/Content/StarterContent/Textures/T_Brick_Hewn_Stone_M.uasset" 276
"../../../MyProject2/Content/StarterContent/Textures/T_Brick_Hewn_Stone_N.uasset" 277
"../../../MyProject2/Content/StarterContent/Materials/M_Brick_Hewn_Stone.uasset" 278
"../../../MyProject2/Content/StarterContent/Textures/T_Ceramic_Tile_M.uasset" 279
"../../../MyProject2/Content/StarterContent/Textures/T_Ceramic_Tile_N.uasset" 280
"../../../MyProject2/Content/StarterContent/Textures/T_Rock_Marble_Polished_D.uasset" 281
"../../../MyProject2/Content/StarterContent/Materials/M_Ceramic_Tile_Checker.uasset" 282
"../../../MyProject2/Content/StarterContent/Textures/T_CobbleStone_Pebble_D.uasset" 283
"../../../MyProject2/Content/StarterContent/Textures/T_CobbleStone_Pebble_M.uasset" 284
"../../../MyProject2/Content/StarterContent/Textures/T_CobbleStone_Pebble_N.uasset" 285
"../../../MyProject2/Content/StarterContent/Materials/M_CobbleStone_Pebble.uasset" 286
"../../../MyProject2/Content/StarterContent/Textures/T_CobbleStone_Rough_D.uasset" 287
"../../../MyProject2/Content/StarterContent/Textures/T_CobbleStone_Rough_N.uasset" 288
"../../../MyProject2/Content/StarterContent/Textures/T_Gradinet_01.uasset" 289
"../../../MyProject2/Content/StarterContent/Textures/T_Rock_Smooth_Granite_D.uasset" 290
"../../../MyProject2/Content/StarterContent/Materials/M_CobbleStone_Rough.uasset" 291
"../../../MyProject2/Content/StarterContent/Textures/T_CobbleStone_Smooth_D.uasset" 292
"../../../MyProject2/Content/StarterContent/Textures/T_CobbleStone_Smooth_M.uasset" 293
"../../../MyProject2/Content/StarterContent/Textures/T_CobbleStone_Smooth_N.uasset" 294
"../../../MyProject2/Content/StarterContent/Materials/M_CobbleStone_Smooth.uasset" 295
"../../../MyProject2/Content/StarterContent/Textures/T_Concrete_Grime_D.uasset" 296
"../../../MyProject2/Content/StarterContent/Textures/T_Metal_Rust_N.uasset" 297
"../../../MyProject2/Content/StarterContent/Materials/M_Concrete_Grime.uasset" 298
"../../../MyProject2/Content/StarterContent/Textures/T_Concrete_Panels_D.uasset" 299
"../../../MyProject2/Content/StarterContent/Textures/T_Concrete_Panels_N.uasset" 300
"../../../MyProject2/Content/StarterContent/Materials/M_Concrete_Panels.uasset" 301
"../../../MyProject2/Content/StarterContent/Textures/T_Concrete_Poured_D.uasset" 302
"../../../MyProject2/Content/StarterContent/Textures/T_Concrete_Poured_N.uasset" 303
"../../../MyProject2/Content/StarterContent/Materials/M_Concrete_Poured.uasset" 304
"../../../MyProject2/Content/StarterContent/Textures/T_Concrete_Tiles_D.uasset" 305
"../../../MyProject2/Content/StarterContent/Textures/T_Concrete_Tiles_M.uasset" 306
"../../../MyProject2/Content/StarterContent/Textures/T_Concrete_Tiles_N.uasset" 307
"../../../MyProject2/Content/StarterContent/Textures/T_Concrete_Tiles_Variation_M.uasset" 308
"../../../MyProject2/Content/StarterContent/Materials/M_Concrete_Tiles.uasset" 309
"../../../MyProject2/Content/StarterContent/Textures/T_Ground_Grass_D.uasset" 310
"../../../MyProject2/Content/StarterContent/Textures/T_Ground_Grass_N.uasset" 311
"../../../MyProject2/Content/StarterContent/Materials/M_Ground_Grass.uasset" 312
"../../../MyProject2/Content/StarterContent/Textures/T_Ground_Gravel_D.uasset" 313
"../../../MyProject2/Content/StarterContent/Textures/T_Ground_Gravel_N.uasset" 314
"../../../MyProject2/Content/StarterContent/Materials/M_Ground_Gravel.uasset" 315
"../../../MyProject2/Content/StarterContent/Textures/T_ground_Moss_D.uasset" 316
"../../../MyProject2/Content/StarterContent/Textures/T_Ground_Moss_N.uasset" 317
"../../../MyProject2/Content/StarterContent/Materials/M_Ground_Moss.uasset" 318
"../../../MyProject2/Content/StarterContent/Materials/M_Metal_Chrome.uasset" 319
"../../../MyProject2/Content/StarterContent/Textures/T_Metal_Gold_D.uasset" 320
"../../../MyProject2/Content/StarterContent/Materials/M_Metal_Gold.uasset" 321
"../../../Engine/Content/Functions/Engine_MaterialFunctions02/Utility/BlendAngleCorrectedNormals.uasset" 322
"../../../MyProject2/Content/StarterContent/Textures/T_Metal_Rust_D.uasset" 323
"../../../MyProject2/Content/StarterContent/Materials/M_Metal_Rust.uasset" 324
"../../../MyProject2/Content/StarterContent/Textures/T_Metal_Steel_D.uasset" 325
"../../../MyProject2/Content/StarterContent/Textures/T_Metal_Steel_N.uasset" 326
"../../../MyProject2/Content/StarterContent/Materials/M_Metal_Steel.uasset" 327
"../../../MyProject2/Content/StarterContent/Textures/T_Rock_Basalt_D.uasset" 328
"../../../MyProject2/Content/StarterContent/Textures/T_Rock_Basalt_N.uasset" 329
"../../../MyProject2/Content/StarterContent/Materials/M_Rock_Basalt.uasset" 330
"../../../MyProject2/Content/StarterContent/Materials/M_Rock_Marble_Polished.uasset" 331
"../../../MyProject2/Content/StarterContent/Textures/T_Rock_Sandstone_D.uasset" 332
"../../../MyProject2/Content/StarterContent/Textures/T_Rock_Sandstone_N.uasset" 333
"../../../MyProject2/Content/StarterContent/Materials/M_Rock_Sandstone.uasset" 334
"../../../MyProject2/Content/StarterContent/Textures/T_Rock_Slate_D.uasset" 335
"../../../MyProject2/Content/StarterContent/Textures/T_Rock_Slate_N.uasset" 336
"../../../MyProject2/Content/StarterContent/Materials/M_Rock_Slate.uasset" 337
"../../../MyProject2/Content/StarterContent/Textures/T_Checker_Noise_M.uasset" 338
"../../../MyProject2/Content/StarterContent/Textures/T_Single_Tile_N.uasset" 339
"../../../MyProject2/Content/StarterContent/Textures/T_Tech_Dot_M.uasset" 340
"../../../MyProject2/Content/StarterContent/Textures/T_Tech_Dot_N.uasset" 341
"../../../MyProject2/Content/StarterContent/Materials/M_Tech_Checker_Dot.uasset" 342
"../../../MyProject2/Content/StarterContent/Textures/T_Tech_Hex_Tile_M.uasset" 343
"../../../MyProject2/Content/StarterContent/Textures/T_Tech_Hex_Tile_N.uasset" 344
"../../../MyProject2/Content/StarterContent/Materials/M_Tech_Hex_Tile.uasset" 345
"../../../MyProject2/Content/StarterContent/Materials/M_Tech_Hex_Tile_Pulse.uasset" 346
"../../../MyProject2/Content/StarterContent/Textures/T_Tech_Panel_M.uasset" 347
"../../../MyProject2/Content/StarterContent/Textures/T_Tech_Panel_N.uasset" 348
"../../../MyProject2/Content/StarterContent/Materials/M_Tech_Panel.uasset" 349
"../../../MyProject2/Content/StarterContent/Materials/M_Water_Lake.uasset" 350
"../../../MyProject2/Content/StarterContent/Textures/T_Water_M.uasset" 351
"../../../MyProject2/Content/StarterContent/Materials/M_Water_Ocean.uasset" 352
"../../../MyProject2/Content/StarterContent/Textures/T_Wood_Floor_Walnut_D.uasset" 353
"../../../MyProject2/Content/StarterContent/Textures/T_Wood_Floor_Walnut_M.uasset" 354
"../../../MyProject2/Content/StarterContent/Textures/T_Wood_Floor_Walnut_N.uasset" 355
"../../../MyProject2/Content/StarterContent/Materials/M_Wood_Floor_Walnut_Polished.uasset" 356
"../../../Engine/Content/Functions/Engine_MaterialFunctions01/Opacity/AlphaOffset.uasset" 357
"../../../MyProject2/Content/StarterContent/Materials/M_Wood_Floor_Walnut_Worn.uasset" 358
"../../../MyProject2/Content/StarterContent/Textures/T_Wood_Oak_D.uasset" 359
"../../../MyProject2/Content/StarterContent/Textures/T_Wood_Oak_N.uasset" 360
"../../../MyProject2/Content/StarterContent/Materials/M_Wood_Oak.uasset" 361
"../../../MyProject2/Content/StarterContent/Textures/T_Wood_Pine_D.uasset" 362
"../../../MyProject2/Content/StarterContent/Textures/T_Wood_Pine_N.uasset" 363
"../../../MyProject2/Content/StarterContent/Materials/M_Wood_Pine.uasset" 364
"../../../MyProject2/Content/StarterContent/Textures/T_Wood_Walnut_D.uasset" 365
"../../../MyProject2/Content/StarterContent/Textures/T_Wood_Walnut_N.uasset" 366
"../../../MyProject2/Content/StarterContent/Materials/M_Wood_Walnut.uasset" 367
"../../../MyProject2/Content/StarterContent/Materials/M_Basic_Wall.uasset" 368
"../../../MyProject2/Content/StarterContent/Architecture/Wall_400x200.uasset" 369
"../../../MyProject2/Content/StarterContent/Architecture/Wall_Door_400x300.uasset" 370
"../../../MyProject2/Content/StarterContent/Architecture/Wall_Window_400x300.uasset" 371
"../../../MyProject2/Content/StarterContent/Audio/Collapse01.uasset" 372
"../../../MyProject2/Content/StarterContent/Audio/Collapse02.uasset" 373
"../../../MyProject2/Content/StarterContent/Audio/Collapse_Cue.uasset" 374
"../../../MyProject2/Content/StarterContent/Audio/Starter_Music01.uasset" 375
"../../../MyProject2/Content/StarterContent/Audio/Starter_Music_Cue.uasset" 376
"../../../MyProject2/Content/StarterContent/Textures/T_Dust_Particle_D.uasset" 377
"../../../MyProject2/Content/StarterContent/Particles/Materials/M_Dust_Particle.uasset" 378
"../../../MyProject2/Content/StarterContent/Particles/P_Ambient_Dust.uasset" 379
"../../../MyProject2/Content/StarterContent/Props/MaterialSphere.uasset" 380
"../../../MyProject2/Content/StarterContent/Textures/T_Frame_M.uasset" 381
"../../../MyProject2/Content/StarterContent/Textures/T_Frame_N.uasset" 382
"../../../MyProject2/Content/StarterContent/Props/Materials/M_Frame.uasset" 383
"../../../MyProject2/Content/StarterContent/Props/SM_CornerFrame.uasset" 384
"../../../MyProject2/Content/StarterContent/Props/SM_DoorFrame.uasset" 385
"../../../MyProject2/Content/StarterContent/Materials/M_Glass.uasset" 386
"../../../MyProject2/Content/StarterContent/Props/SM_GlassWindow.uasset" 387
"../../../MyProject2/Content/StarterContent/Props/SM_PillarFrame.uasset" 388
"../../../MyProject2/Content/StarterContent/Props/SM_PillarFrame300.uasset" 389
"../../../MyProject2/Content/StarterContent/Props/SM_WindowFrame.uasset" 390
"../../../MyProject2/Content/StarterContent/Shapes/Shape_Cube.uasset" 391
"../../../MyProject2/Content/StarterContent/Shapes/Shape_QuadPyramid.uasset" 392
"../../../MyProject2/Content/StarterContent/Shapes/Shape_Sphere.uasset" 393
"../../../MyProject2/Content/StarterContent/Maps/StarterMap.umap" 394
"../../../MyProject2/Content/StarterContent/Blueprints/Assets/FogBrightnessLUT.uasset" 395
"../../../MyProject2/Content/StarterContent/Blueprints/Assets/SunlightColorLUT.uasset" 396
"../../../MyProject2/Content/StarterContent/Blueprints/Assets/M_LightStage_Arrows.uasset" 397
"../../../Engine/Content/MapTemplates/Sky/DaylightAmbientCubemap.uasset" 398
"../../../MyProject2/Content/StarterContent/Blueprints/Assets/M_LightStage_Skybox_Master.uasset" 399
"../../../MyProject2/Content/StarterContent/Blueprints/Assets/M_LightStage_Skybox_Black.uasset" 400
"../../../MyProject2/Content/StarterContent/Blueprints/Assets/M_LightStage_Skybox_HDRI.uasset" 401
"../../../Engine/Content/EditorMaterials/Thumbnails/SkySphereMaterial.uasset" 402
"../../../MyProject2/Content/StarterContent/Blueprints/Assets/Skybox.uasset" 403
"../../../MyProject2/Content/StarterContent/Blueprints/Assets/SM_Arrows.uasset" 404
"../../../MyProject2/Content/StarterContent/HDRI/HDRI_Epic_Courtyard_Daylight.uasset" 405
"../../../MyProject2/Content/StarterContent/Blueprints/BP_LightStudio.uasset" 406
"../../../MyProject2/Content/StarterContent/Materials/M_AssetPlatform.uasset" 407
"../../../Engine/Content/EditorMeshes/ColorCalibrator/M_ChromeBall.uasset" 408
"../../../Engine/Content/EditorMeshes/ColorCalibrator/M_ClearCoat.uasset" 409
"../../../Engine/Content/EditorMeshes/ColorCalibrator/M_ClearCoatBlack.uasset" 410
"../../../Engine/Content/EditorMeshes/ColorCalibrator/T_ColorGrid.uasset" 411
"../../../Engine/Content/EditorMeshes/ColorCalibrator/M_ColorGrid.uasset" 412
"../../../Engine/Content/EditorMeshes/ColorCalibrator/M_GreyBall.uasset" 413
"../../../Engine/Content/EditorMeshes/ColorCalibrator/SM_ColorCalibrator.uasset" 414
"../../../MyProject2/Content/StarterContent/Architecture/SM_AssetPlatform.uasset" 415
"../../../MyProject2/Content/StarterContent/Maps/Advanced_Lighting.umap" 416
"../../../Engine/Content/EngineFonts/Roboto.uasset" 417
"../../../Engine/Content/Functions/Engine_MaterialFunctions01/Shading/PowerToRoughness.uasset" 418
"../../../Engine/Content/Functions/Engine_MaterialFunctions01/Shading/ConvertFromDiffSpec.uasset" 419
"../../../Engine/Content/EngineMaterials/DefaultDiffuse.uasset" 420
"../../../Engine/Content/EngineMaterials/DefaultDeferredDecalMaterial.uasset" 421
"../../../Engine/Content/EngineMaterials/DefaultLightFunctionMaterial.uasset" 422
"../../../Engine/Content/Functions/Engine_MaterialFunctions02/Utility/BreakOutFloat2Components.uasset" 423
"../../../Engine/Content/EngineMaterials/DefaultPostProcessMaterial.uasset" 424
"../../../Engine/Content/EngineResources/DefaultTexture.uasset" 425
"../../../Engine/Content/Functions/Engine_MaterialFunctions02/Texturing/ScreenAlignedUVs.uasset" 426
"../../../Engine/Content/EngineResources/WhiteSquareTexture.uasset" 427
"../../../Engine/Content/EngineMaterials/Widget3DPassThrough.uasset" 428
"../../../Engine/Content/EngineMaterials/Widget3DPassThrough_Translucent.uasset" 429
"../../../Engine/Content/EngineMaterials/Widget3DPassThrough_Translucent_OneSided.uasset" 430
"../../../Engine/Content/EngineMaterials/Widget3DPassThrough_Opaque.uasset" 431
"../../../Engine/Content/EngineMaterials/Widget3DPassThrough_Opaque_OneSided.uasset" 432
"../../../Engine/Content/EngineMaterials/Widget3DPassThrough_Masked.uasset" 433
"../../../Engine/Content/EngineMaterials/Widget3DPassThrough_Masked_OneSided.uasset" 434
"../../../Engine/Content/EditorResources/S_Actor.uasset" 435
"../../../Engine/Content/Maps/Templates/Thumbnails/Default.uasset" 436
"../../../Engine/Content/EditorMaterials/ParticleSystems/PSysThumbnail_NoImage.uasset" 437
"../../../Engine/Content/EditorMaterials/ParticleSystems/PSysThumbnail_OOD.uasset" 438
"../../../Engine/Content/EditorLandscapeResources/DataLayer.uasset" 439
"../../../Engine/Content/EngineDamageTypes/DmgTypeBP_Environmental.uasset" 440
"../../../Engine/Content/EngineMeshes/Sphere.uasset" 441
"../../../Engine/Content/EngineMaterials/DefaultTextMaterialOpaque.uasset" 442
"../../../Engine/Content/EditorResources/S_Trigger.uasset" 443
"../../../Engine/Content/EngineResources/GradientTexture0.uasset" 444
"../../../Engine/Content/EngineResources/Black.uasset" 445
"../../../Engine/Content/EditorMaterials/MatineeGroups/MAT_Groups_Float.uasset" 446
"../../../Engine/Content/EditorMaterials/MatineeGroups/MAT_Groups_Director.uasset" 447
"../../../Engine/Content/EditorMaterials/MatineeGroups/MAT_Groups_Event.uasset" 448
"../../../Engine/Content/EditorMaterials/MatineeGroups/MAT_Groups_Anim.uasset" 449
"../../../Engine/Content/EditorMaterials/MatineeGroups/MAT_Groups_Fade.uasset" 450
"../../../Engine/Content/EditorMaterials/MatineeGroups/MAT_Groups_Move.uasset" 451
"../../../Engine/Content/EditorMaterials/MatineeGroups/MAT_Groups_Slomo.uasset" 452
"../../../Engine/Content/EditorMaterials/MatineeGroups/MAT_ColorTrack.uasset" 453
"../../../Engine/Content/EditorMaterials/MAT_Groups_Toggle.uasset" 454
"../../../Engine/Content/EditorMaterials/MatineeGroups/MAT_Groups_AudioMaster.uasset" 455
"../../../Engine/Content/EditorMaterials/MatineeGroups/MAT_Groups_Sound.uasset" 456
"../../../Engine/Content/EditorMaterials/MatineeGroups/MAT_Groups_Vector.uasset" 457
"../../../Engine/Content/EditorMaterials/MAT_Groups_Visibility.uasset" 458
"../../../Engine/Content/EngineResources/DefaultTextureCube.uasset" 459
"../../../Engine/Content/EngineMeshes/Cylinder.uasset" 460
"../../../Engine/Content/EngineTireTypes/DefaultTireType.uasset" 461
"../../../Engine/Content/EngineResources/AICON-Red.uasset" 462
"../../../Engine/Content/EngineResources/AICON-Green.uasset" 463
"../../../Engine/Content/Tutorial/Basics/LevelEditorAttract.uasset" 464
"../../../Engine/Content/Tutorial/ContentIntroCurve.uasset" 465
"../../../Engine/Plugins/2D/Paper2D/Content/PlaceholderTextures/DummySpriteTexture.uasset" 466
"../../../Engine/Plugins/2D/Paper2D/Content/DefaultSpriteMaterial.uasset" 467
"../../../Engine/Plugins/2D/Paper2D/Content/MaskedUnlitSpriteMaterial.uasset" 468
"../../../Engine/Plugins/2D/Paper2D/Content/OpaqueUnlitSpriteMaterial.uasset" 469
"../../../Engine/Plugins/2D/Paper2D/Content/DummySpriteTexture.uasset" 470
"../../../Engine/Plugins/2D/Paper2D/Content/DummySprite.uasset" 471
"../../../Engine/Plugins/2D/Paper2D/Content/DefaultPaperTerrainMaterial.uasset" 472
"../../../Engine/Plugins/Runtime/LeapMotionController/Content/LM_CapsuleMesh.uasset" 473
"../../../Engine/Plugins/Runtime/LeapMotionController/Content/LM_TorusMesh.uasset" 474
"../../../Engine/Plugins/Runtime/LeapMotionController/Content/LM_HandColor.uasset" 475
"../../../Engine/Plugins/Runtime/LeapMotionController/Content/LM_SampleDistortion.uasset" 476
"../../../Engine/Plugins/Runtime/LeapMotionController/Content/LM_TestTexture.uasset" 477
"../../../Engine/Plugins/Runtime/LeapMotionController/Content/LM_PassthroughMaterial.uasset" 478
"../../../Engine/Content/EngineMaterials/RemoveSurfaceMaterial.uasset" 479
"../../../Engine/Content/EngineDebugMaterials/DebugMeshMaterial.uasset" 480
"../../../Engine/Content/EngineMaterials/InvalidLightmapSettings.uasset" 481
"../../../Engine/Content/EngineMaterials/M_InvalidLightmapSettings.uasset" 482
"../../../Engine/Content/EditorMaterials/GizmoMaterial.uasset" 483
"../../../Engine/Content/EngineMaterials/Good64x64TilingNoiseHighFreq.uasset" 484
"../../../Engine/Content/EngineMaterials/DefaultBokeh.uasset" 485
"../../../Engine/Content/EngineMaterials/PreintegratedSkinBRDF.uasset" 486
"../../../Engine/Content/EngineMaterials/MiniFont.uasset" 487
"../../../Engine/Content/EngineMaterials/WeightMapPlaceholderTexture.uasset" 488
"../../../Engine/Content/EngineMaterials/DefaultWhiteGrid.uasset" 489
"../../../Engine/Content/EngineMaterials/DefaultPhysicalMaterial.uasset" 490
"../../../Engine/Content/EngineFonts/RobotoTiny.uasset" 491
"../../../Engine/Content/EditorResources/LightIcons/S_LightError.uasset" 492
"../../../Engine/Content/EditorResources/AudioIcons/S_AudioComponent.uasset" 493
"../../../Engine/Content/MobileResources/T_MobileControls_texture.uasset" 494
"../../../Engine/Content/MobileResources/HUD/MobileHUDButton2_off.uasset" 495
"../../../Engine/Content/MobileResources/HUD/MobileHUDButton2_on.uasset" 496
"../../../Engine/Content/EditorResources/AudioIcons/S_AudioComponent_AutoActivate.uasset" 497
"../../../Engine/Content/EditorResources/EmptyActor.uasset" 498
"../../../MyProject2/Content/Doll/Textures/lambert2.uasset" 499
"../../../MyProject2/Content/Doll/Textures/Scissors_MariTextured.uasset" 500
"../../../MyProject2/Content/Doll/Textures/scissors_spec.uasset" 501
"../../../MyProject2/Content/Doll/Textures/scissors_blinn.uasset" 502
"../../../Engine/Content/MobileResources/HUD/MobileHUDDirectionPad.uasset" 503
"../../../MyProject2/Content/Doll/Textures/lambert1.uasset" 504
"../../../MyProject2/Content/StarterContent/Props/Materials/M_MaterialSphere.uasset" 505
"../../../MyProject2/Content/StarterContent/Props/Materials/M_MaterialSphere_Plain.uasset" 506
"../../../MyProject2/Content/StarterContent/Props/SM_MatPreviewMesh_02.uasset" 507
"../../../MyProject2/Content/StarterContent/Textures/T_RockMesh_M.uasset" 508
"../../../MyProject2/Content/StarterContent/Textures/T_RockMesh_N.uasset" 509
"../../../MyProject2/Content/StarterContent/Props/Materials/M_Rock.uasset" 510
"../../../MyProject2/Content/StarterContent/Props/SM_Rock.uasset" 511
"../../../MyProject2/Content/StarterContent/Textures/T_Shelf_M.uasset" 512
"../../../MyProject2/Content/StarterContent/Textures/T_Shelf_N.uasset" 513
"../../../MyProject2/Content/StarterContent/Props/Materials/M_Shelf.uasset" 514
"../../../MyProject2/Content/StarterContent/Props/SM_Shelf.uasset" 515
"../../../MyProject2/Content/StarterContent/Props/SM_Stairs.uasset" 516
"../../../Engine/Content/MobileResources/HUD/MobileHUDDirectionPad2.uasset" 517
"../../../Engine/Content/MobileResources/HUD/MobileHUDButton1_off.uasset" 518
"../../../MyProject2/Content/StarterContent/Shapes/Shape_Cone.uasset" 519
"../../../MyProject2/Content/StarterContent/Shapes/Shape_Cylinder.uasset" 520
"../../../MyProject2/Content/StarterContent/Shapes/Shape_NarrowCapsule.uasset" 521
"../../../MyProject2/Content/StarterContent/Shapes/Shape_Pipe.uasset" 522
"../../../MyProject2/Content/StarterContent/Shapes/Shape_Pipe_180.uasset" 523
"../../../MyProject2/Content/StarterContent/Shapes/Shape_Pipe_90.uasset" 524
"../../../MyProject2/Content/StarterContent/Shapes/Shape_Plane.uasset" 525
"../../../MyProject2/Content/StarterContent/Shapes/Shape_Torus.uasset" 526
"../../../MyProject2/Content/StarterContent/Shapes/Shape_Trim.uasset" 527
"../../../MyProject2/Content/StarterContent/Shapes/Shape_Trim_90_In.uasset" 528
"../../../MyProject2/Content/StarterContent/Shapes/Shape_Trim_90_Out.uasset" 529
"../../../MyProject2/Content/StarterContent/Shapes/Shape_TriPyramid.uasset" 530
"../../../MyProject2/Content/StarterContent/Shapes/Shape_Tube.uasset" 531
"../../../MyProject2/Content/StarterContent/Shapes/Shape_Wedge_A.uasset" 532
"../../../MyProject2/Content/StarterContent/Shapes/Shape_Wedge_B.uasset" 533
"../../../MyProject2/Content/StarterContent/Shapes/Shape_WideCapsule.uasset" 534
"../../../Engine/Content/MobileResources/HUD/MobileHUDButtonFire.uasset" 535
"../../../Engine/Content/MobileResources/HUD/T_Castle_ThumbstickInner.uasset" 536
"../../../MyProject2/Content/fireplace.uasset" 537
"../../../MyProject2/Content/fireplace_mari.uasset" 538
"../../../MyProject2/Content/Instructions.uasset" 539
"../../../MyProject2/Content/Main_menu.uasset" 540
"../../../MyProject2/Content/Materials/Player_MariTextured.uasset" 541
"../../../MyProject2/Content/Materials/blinn1.uasset" 542
"../../../MyProject2/Content/Materials/lambert1.uasset" 543
"../../../MyProject2/Content/Player/OldPlayer/playertex_PhysicsAsset.uasset" 544
"../../../MyProject2/Content/Player/OldPlayer/playertex_Skeleton.uasset" 545
"../../../MyProject2/Content/Player/OldPlayer/playertex.uasset" 546
"../../../MyProject2/Content/Player/playertex.uasset" 547
"../../../MyProject2/Content/playertex.uasset" 548
"../../../MyProject2/Content/Unpause.uasset" 549
"../../../MyProject2/Content/Kitchen/block_bump.uasset" 550
"../../../MyProject2/Content/Kitchen/block_mari.uasset" 551
"../../../MyProject2/Content/Kitchen/counterTop_bump.uasset" 552
"../../../MyProject2/Content/Kitchen/counterTop_mari.uasset" 553
"../../../MyProject2/Content/Kitchen/sinkDrawers_bump.uasset" 554
"../../../MyProject2/Content/Kitchen/sinkDrawers_mari.uasset" 555
"../../../MyProject2/Content/Kitchen/sink_mari.uasset" 556
"../../../MyProject2/Content/Kitchen/sink_spec.uasset" 557
"../../../MyProject2/Content/Kitchen/underSinkCuboards_bump.uasset" 558
"../../../MyProject2/Content/Kitchen/underSinkCuboards_mari.uasset" 559
"../../../Engine/Content/MobileResources/T_MobileMenu2.uasset" 560
"../../../Engine/Content/MobileResources/HUD/VirtualJoystick_Background.uasset" 561
"../../../Engine/Content/MobileResources/HUD/VirtualJoystick_Thumb.uasset" 562
"../../../Engine/Content/MobileResources/HUD/DefaultVirtualJoysticks.uasset" 563
"../../../Engine/Content/MobileResources/HUD/LeftVirtualJoystickOnly.uasset" 564
"../../../Engine/Content/MobileResources/HUD/MobileHUDButton3.uasset" 565
"../../../Engine/Content/MobileResources/HUD/T_Castle_ThumbstickOutter.uasset" 566
"../../../Engine/Content/EditorMaterials/PhAT_JointLimitMaterial.uasset" 567
"../../../Engine/Content/EditorMaterials/PreviewShadowIndicator.uasset" 568
"../../../Engine/Content/EditorMaterials/PreviewShadowIndicatorMaterial.uasset" 569
"../../../Engine/Content/EditorResources/BSPVertex.uasset" 570
"../../../Engine/Content/EngineDebugMaterials/HeatmapGradient.uasset" 571
"../../../Engine/Content/EngineDebugMaterials/BoneWeightMaterial.uasset" 572
"../../../Engine/Content/EngineDebugMaterials/GeomMaterial.uasset" 573
"../../../Engine/Content/EngineMaterials/EditorBrushMaterial.uasset" 574
"../../../Engine/Content/MobileResources/HUD/AnalogHat.uasset" 575
"../../../Engine/Content/MobileResources/HUD/MobileHUDButton1_on.uasset" 576
"../../../Engine/Content/MobileResources/HUD/MobileHUDDirectionPad3.uasset" 577
"../../../Engine/Content/MobileResources/HUD/MobileHUDDirectionStick.uasset" 578
"../../../Engine/Content/Tutorial/Basics/TutorialAssets/icon_tab_Levels_40x.uasset" 579
"../../../Engine/Content/Tutorial/Basics/LevelEditorOverview.uasset" 580
"../../../Engine/Content/Tutorial/BlueprintTutorials/TutorialAssets/Blueprint_64x.uasset" 581
"../../../Engine/Content/Tutorial/BlueprintTutorials/BlueprintEditorTutorial.uasset" 582
"../../../Engine/Content/Tutorial/BlueprintTutorials/TutorialAssets/BlueprintInterface_64x.uasset" 583
"../../../Engine/Content/Tutorial/BlueprintTutorials/TutorialAssets/Tutorial_BP_Interface.uasset" 584
"../../../Engine/Content/Tutorial/BlueprintTutorials/BlueprintInterfacesEditorOverview.uasset" 585
"../../../Engine/Content/Tutorial/BlueprintTutorials/TutorialAssets/BlueprintMacroLibrary_64x.uasset" 586
"../../../Engine/Content/Tutorial/BlueprintTutorials/TutorialAssets/Tutorial_BP_MacroLib.uasset" 587
"../../../Engine/Content/Tutorial/BlueprintTutorials/BlueprintMacroLibrariesEditorOverview.uasset" 588
"../../../Engine/Content/Tutorial/BlueprintTutorials/LevelBlueprintEditorOverview.uasset" 589
"../../../Engine/Content/Tutorial/Foliage/TutorialAssets/Foliage.uasset" 590
"../../../Engine/Content/Tutorial/Foliage/Foliage_Settings_Tutorial.uasset" 591
"../../../Engine/Content/Tutorial/Foliage/Foliage_Using_The_Tool_Tutorial.uasset" 592
"../../../Engine/Content/Tutorial/Foliage/Foliage_Intro_Tutorial.uasset" 593
"../../../Engine/Content/Tutorial/Landscape/TutorialAssets/Landscape.uasset" 594
"../../../Engine/Content/Tutorial/Landscape/Landscape_Painting_Mode.uasset" 595
"../../../Engine/Content/Tutorial/Landscape/Landscape_Sculpt_Mode.uasset" 596
"../../../Engine/Content/Tutorial/Landscape/Landscape_Manage_Mode.uasset" 597
"../../../Engine/Content/Tutorial/Paper2D/TutorialAssets/Paper2DFlipbook_TutorialIcon.uasset" 598
"../../../Engine/Content/Tutorial/Paper2D/FlipbookEditorTutorial.uasset" 599
"../../../Engine/Content/Tutorial/Paper2D/TutorialAssets/Paper2DSprite_TutorialIcon.uasset" 600
"../../../Engine/Content/Tutorial/Paper2D/SpriteEditorTutorial.uasset" 601
"../../../Engine/Content/EditorMeshes/EditorCube.uasset" 602
"../../../Engine/Content/Tutorial/SubEditors/TutorialAssets/Tutorial_DM.uasset" 603
"../../../Engine/Content/Tutorial/SubEditors/DestructibleMeshEditorTutorial.uasset" 604
"../../../Engine/Content/Tutorial/SubEditors/TutorialAssets/TutorialMaterial.uasset" 605
"../../../Engine/Content/Tutorial/SubEditors/MaterialEditorTutorial.uasset" 606
"../../../Engine/Content/Tutorial/SubEditors/TutorialAssets/T_SmokeSubUV_8X8.uasset" 607
"../../../Engine/Content/Tutorial/SubEditors/TutorialAssets/T_soft_smoke.uasset" 608
"../../../Engine/Content/Tutorial/SubEditors/TutorialAssets/M_smoke_subUV_blackbody.uasset" 609
"../../../Engine/Content/Tutorial/SubEditors/TutorialAssets/TutorialParticleSystem.uasset" 610
"../../../Engine/Content/Tutorial/SubEditors/ParticleSystemEditorTutorial.uasset" 611
"../../../Engine/Content/Tutorial/SubEditors/TutorialAssets/icon_ShowSkeletalMeshes_40x.uasset" 612
"../../../Engine/Content/Tutorial/SubEditors/TutorialAssets/Character/TutorialTPP_Mat.uasset" 613
"../../../Engine/Content/Tutorial/SubEditors/TutorialAssets/Character/TutorialTPP_PhysicsAsset.uasset" 614
"../../../Engine/Content/Tutorial/SubEditors/TutorialAssets/Character/TutorialTPP.uasset" 615
"../../../Engine/Content/Tutorial/SubEditors/TutorialAssets/Character/TutorialTPP_Skeleton.uasset" 616
"../../../Engine/Content/Tutorial/SubEditors/TutorialAssets/Character/Tutorial_Idle.uasset" 617
"../../../Engine/Content/Tutorial/SubEditors/TutorialAssets/Character/Tutorial_Walk_Fwd.uasset" 618
"../../../Engine/Content/Tutorial/SubEditors/TutorialAssets/Character/NewBlendSpace1D.uasset" 619
"../../../Engine/Content/Tutorial/SubEditors/TutorialAssets/Character/TutorialCharacter.uasset" 620
"../../../Engine/Content/Tutorial/SubEditors/TutorialAssets/Character/TutorialTPP_AnimBlueprint.uasset" 621
"../../../Engine/Content/Tutorial/SubEditors/PersonaAnimBlueprintEditorWalkthrough.uasset" 622
"../../../Engine/Content/Tutorial/SubEditors/PersonaAnimEditorWalkthrough.uasset" 623
"../../../Engine/Content/EngineMeshes/Cube.uasset" 624
"../../../Engine/Content/Tutorial/SubEditors/StaticMeshEditorTutorial.uasset" 625
"../../../Engine/Content/Tutorial/SubEditors/TutorialAssets/icon_Editor_Preferences_General_40x.uasset" 626
"../../../MyProject2/Content/DiaryWidget.uasset" 627
"../../../MyProject2/Content/Materials/Doll_mariTextured.uasset" 628
"../../../MyProject2/Content/Materials/lambert2.uasset" 629
"../../../MyProject2/Content/Doll/dolltex_PhysicsAsset.uasset" 630
"../../../MyProject2/Content/Doll/dolltex_Skeleton.uasset" 631
"../../../MyProject2/Content/Doll/dolltex.uasset" 632
"../../../MyProject2/Content/dolltex.uasset" 633
"../../../MyProject2/Content/Sounds/09_-_Anakin_Vs.uasset" 634
"../../../MyProject2/Content/Sounds/10_-_Anakin_39_s_Dark_Deeds.uasset" 635
"../../../MyProject2/Content/Sounds/3-10_Battle_Of_The_Heroes.uasset" 636
"../../../MyProject2/Content/Sounds/33_-_Duel_of_the_Fates_Dialogue_Version_.uasset" 637
"../../../MyProject2/Content/Sounds/Bathroom.uasset" 638
"../../../MyProject2/Content/Sounds/Day_of_Chaos.uasset" 639
"../../../MyProject2/Content/Sounds/R2D2_Again-SoundBible.uasset" 640
"../../../MyProject2/Content/Sounds/dollSound.uasset" 641
"../../../MyProject2/Content/Sounds/Failedme.uasset" 642
"../../../MyProject2/Content/Sounds/heavyBreathingnew.uasset" 643
"../../../MyProject2/Content/Sounds/heavyBreathingcue.uasset" 644
"../../../MyProject2/Content/Sounds/heavyBreathing.uasset" 645
"../../../MyProject2/Content/Sounds/Horror-Game-Voice-Tests-v1.uasset" 646
"../../../MyProject2/Content/Sounds/normalBreathing.uasset" 647
"../../../MyProject2/Content/Sounds/Breathing.uasset" 648
"../../../MyProject2/Content/Sounds/NewSoundCue.uasset" 649
"../../../MyProject2/Content/Sounds/Night_of_Chaos.uasset" 650
"../../../MyProject2/Content/Sounds/playerScreaming.uasset" 651
"../../../MyProject2/Content/Sounds/Playroom.uasset" 652
"../../../MyProject2/Content/Sounds/R2D2-SoundBible_com-460754772.uasset" 653
"../../../MyProject2/Content/Sounds/vader.uasset" 654
"../../../MyProject2/Content/Sounds/vaderloop.uasset" 655
"../../../MyProject2/Content/StarterContent/Architecture/Pillar_50x500.uasset" 656
"../../../MyProject2/Content/StarterContent/Architecture/Wall_400x300.uasset" 657
"../../../MyProject2/Content/StarterContent/Architecture/Wall_400x400.uasset" 658
"../../../MyProject2/Content/StarterContent/Architecture/Wall_500x500.uasset" 659
"../../../MyProject2/Content/StarterContent/Architecture/Wall_Door_400x400.uasset" 660
"../../../MyProject2/Content/StarterContent/Architecture/Wall_Window_400x400.uasset" 661
"../../../MyProject2/Content/StarterContent/Audio/Light01.uasset" 662
"../../../MyProject2/Content/StarterContent/Audio/Light01_Cue.uasset" 663
"../../../MyProject2/Content/StarterContent/Audio/Light02.uasset" 664
"../../../MyProject2/Content/StarterContent/Audio/Light02_Cue.uasset" 665
"../../../MyProject2/Content/StarterContent/Audio/Explosion01.uasset" 666
"../../../MyProject2/Content/StarterContent/Audio/Explosion02.uasset" 667
"../../../MyProject2/Content/StarterContent/Audio/Explosion_Cue.uasset" 668
"../../../MyProject2/Content/StarterContent/Textures/T_Burst_M.uasset" 669
"../../../MyProject2/Content/StarterContent/Particles/Materials/M_Burst.uasset" 670
"../../../MyProject2/Content/StarterContent/Textures/T_Explosion_SubUV.uasset" 671
"../../../MyProject2/Content/StarterContent/Particles/Materials/M_explosion_subUV.uasset" 672
"../../../MyProject2/Content/StarterContent/Particles/Materials/m_flare_01.uasset" 673
"../../../MyProject2/Content/StarterContent/Particles/Materials/M_radial_ramp.uasset" 674
"../../../MyProject2/Content/StarterContent/Particles/P_Explosion.uasset" 675
"../../../MyProject2/Content/StarterContent/Blueprints/Blueprint_Effect_Explosion.uasset" 676
"../../../MyProject2/Content/StarterContent/Materials/M_ColorGrid_LowSpec.uasset" 677
"../../../MyProject2/Content/StarterContent/Textures/T_Bush_D.uasset" 678
"../../../MyProject2/Content/StarterContent/Textures/T_Bush_N.uasset" 679
"../../../MyProject2/Content/StarterContent/Props/Materials/M_Bush.uasset" 680
"../../../MyProject2/Content/StarterContent/Props/SM_Bush.uasset" 681
"../../../MyProject2/Content/StarterContent/Props/SM_Couch.uasset" 682
"../../../MyProject2/Content/StarterContent/Textures/T_Door_M.uasset" 683
"../../../MyProject2/Content/StarterContent/Textures/T_Door_N.uasset" 684
"../../../MyProject2/Content/StarterContent/Props/Materials/M_Door.uasset" 685
"../../../MyProject2/Content/StarterContent/Props/SM_Door.uasset" 686
